# JRE version: Java(TM) SE Runtime Environment (8.0_74-b02) (build 1.8.0_74-b02)
# Java VM: Java HotSpot(TM) 64-Bit Server VM (25.74-b02 mixed mode linux-amd64 compressed oops)
Heap:
 PSYoungGen      total 105472K, used 8161K [0x00000000e1500000, 0x00000000e8500000, 0x0000000100000000)
  eden space 97280K, 0% used [0x00000000e1500000,0x00000000e1500000,0x00000000e7400000)
  from space 8192K, 99% used [0x00000000e7400000,0x00000000e7bf87b0,0x00000000e7c00000)
  to   space 7168K, 0% used [0x00000000e7c00000,0x00000000e7c00000,0x00000000e8300000)
 ParOldGen       total 64512K, used 11770K [0x00000000a3e00000, 0x00000000a7d00000, 0x00000000e1500000)
  object space 64512K, 18% used [0x00000000a3e00000,0x00000000a497e810,0x00000000a7d00000)
 Metaspace       used 20689K, capacity 21168K, committed 21296K, reserved 1069056K
  class space    used 2483K, capacity 2657K, committed 2688K, reserved 1048576K
GC Heap History (10 events):
Event: 0.898 GC heap after
Heap after GC invocations=2 (full 0):
 PSYoungGen      total 28160K, used 3567K [0x00000000e1500000, 0x00000000e3400000, 0x0000000100000000)
  eden space 24576K, 0% used [0x00000000e1500000,0x00000000e1500000,0x00000000e2d00000)
  from space 3584K, 99% used [0x00000000e3080000,0x00000000e33fbc08,0x00000000e3400000)
  to   space 3584K, 0% used [0x00000000e2d00000,0x00000000e2d00000,0x00000000e3080000)
 ParOldGen       total 64512K, used 1890K [0x00000000a3e00000, 0x00000000a7d00000, 0x00000000e1500000)
  object space 64512K, 2% used [0x00000000a3e00000,0x00000000a3fd8b78,0x00000000a7d00000)
 Metaspace       used 10172K, capacity 10332K, committed 10368K, reserved 1058816K
  class space    used 1299K, capacity 1373K, committed 1408K, reserved 1048576K
}
Event: 1.383 GC heap before
{Heap before GC invocations=3 (full 0):
 PSYoungGen      total 28160K, used 28143K [0x00000000e1500000, 0x00000000e3400000, 0x0000000100000000)
  eden space 24576K, 100% used [0x00000000e1500000,0x00000000e2d00000,0x00000000e2d00000)
  from space 3584K, 99% used [0x00000000e3080000,0x00000000e33fbc08,0x00000000e3400000)
  to   space 3584K, 0% used [0x00000000e2d00000,0x00000000e2d00000,0x00000000e3080000)
 ParOldGen       total 64512K, used 1890K [0x00000000a3e00000, 0x00000000a7d00000, 0x00000000e1500000)
  object space 64512K, 2% used [0x00000000a3e00000,0x00000000a3fd8b78,0x00000000a7d00000)
 Metaspace       used 13205K, capacity 13496K, committed 13568K, reserved 1060864K
  class space    used 1622K, capacity 1724K, committed 1792K, reserved 1048576K
Event: 1.392 GC heap after
Heap after GC invocations=3 (full 0):
 PSYoungGen      total 28160K, used 3552K [0x00000000e1500000, 0x00000000e4c00000, 0x0000000100000000)
  eden space 24576K, 0% used [0x00000000e1500000,0x00000000e1500000,0x00000000e2d00000)
  from space 3584K, 99% used [0x00000000e2d00000,0x00000000e3078020,0x00000000e3080000)
  to   space 3584K, 0% used [0x00000000e4880000,0x00000000e4880000,0x00000000e4c00000)
 ParOldGen       total 64512K, used 4491K [0x00000000a3e00000, 0x00000000a7d00000, 0x00000000e1500000)
  object space 64512K, 6% used [0x00000000a3e00000,0x00000000a4262d00,0x00000000a7d00000)
 Metaspace       used 13205K, capacity 13496K, committed 13568K, reserved 1060864K
  class space    used 1622K, capacity 1724K, committed 1792K, reserved 1048576K
}
Event: 1.626 GC heap before
{Heap before GC invocations=4 (full 0):
 PSYoungGen      total 28160K, used 28128K [0x00000000e1500000, 0x00000000e4c00000, 0x0000000100000000)
  eden space 24576K, 100% used [0x00000000e1500000,0x00000000e2d00000,0x00000000e2d00000)
  from space 3584K, 99% used [0x00000000e2d00000,0x00000000e3078020,0x00000000e3080000)
  to   space 3584K, 0% used [0x00000000e4880000,0x00000000e4880000,0x00000000e4c00000)
 ParOldGen       total 64512K, used 4491K [0x00000000a3e00000, 0x00000000a7d00000, 0x00000000e1500000)
  object space 64512K, 6% used [0x00000000a3e00000,0x00000000a4262d00,0x00000000a7d00000)
 Metaspace       used 13474K, capacity 13790K, committed 14080K, reserved 1060864K
  class space    used 1634K, capacity 1757K, committed 1792K, reserved 1048576K
Event: 1.633 GC heap after
Heap after GC invocations=4 (full 0):
 PSYoungGen      total 52736K, used 3584K [0x00000000e1500000, 0x00000000e4c00000, 0x0000000100000000)
  eden space 49152K, 0% used [0x00000000e1500000,0x00000000e1500000,0x00000000e4500000)
  from space 3584K, 100% used [0x00000000e4880000,0x00000000e4c00000,0x00000000e4c00000)
  to   space 3584K, 0% used [0x00000000e4500000,0x00000000e4500000,0x00000000e4880000)
 ParOldGen       total 64512K, used 5599K [0x00000000a3e00000, 0x00000000a7d00000, 0x00000000e1500000)
  object space 64512K, 8% used [0x00000000a3e00000,0x00000000a4377d10,0x00000000a7d00000)
 Metaspace       used 13474K, capacity 13790K, committed 14080K, reserved 1060864K
  class space    used 1634K, capacity 1757K, committed 1792K, reserved 1048576K
}
Event: 2.036 GC heap before
{Heap before GC invocations=5 (full 0):
 PSYoungGen      total 52736K, used 52736K [0x00000000e1500000, 0x00000000e4c00000, 0x0000000100000000)
  eden space 49152K, 100% used [0x00000000e1500000,0x00000000e4500000,0x00000000e4500000)
  from space 3584K, 100% used [0x00000000e4880000,0x00000000e4c00000,0x00000000e4c00000)
  to   space 3584K, 0% used [0x00000000e4500000,0x00000000e4500000,0x00000000e4880000)
 ParOldGen       total 64512K, used 5599K [0x00000000a3e00000, 0x00000000a7d00000, 0x00000000e1500000)
  object space 64512K, 8% used [0x00000000a3e00000,0x00000000a4377d10,0x00000000a7d00000)
 Metaspace       used 14120K, capacity 14422K, committed 14720K, reserved 1062912K
  class space    used 1688K, capacity 1797K, committed 1920K, reserved 1048576K
Event: 2.046 GC heap after
Heap after GC invocations=5 (full 0):
 PSYoungGen      total 52736K, used 3568K [0x00000000e1500000, 0x00000000e8300000, 0x0000000100000000)
  eden space 49152K, 0% used [0x00000000e1500000,0x00000000e1500000,0x00000000e4500000)
  from space 3584K, 99% used [0x00000000e4500000,0x00000000e487c010,0x00000000e4880000)
  to   space 7168K, 0% used [0x00000000e7c00000,0x00000000e7c00000,0x00000000e8300000)
 ParOldGen       total 64512K, used 8145K [0x00000000a3e00000, 0x00000000a7d00000, 0x00000000e1500000)
  object space 64512K, 12% used [0x00000000a3e00000,0x00000000a45f4740,0x00000000a7d00000)
 Metaspace       used 14120K, capacity 14422K, committed 14720K, reserved 1062912K
  class space    used 1688K, capacity 1797K, committed 1920K, reserved 1048576K
}
Event: 2.638 GC heap before
{Heap before GC invocations=6 (full 0):
 PSYoungGen      total 52736K, used 51967K [0x00000000e1500000, 0x00000000e8300000, 0x0000000100000000)
  eden space 49152K, 98% used [0x00000000e1500000,0x00000000e4443e20,0x00000000e4500000)
  from space 3584K, 99% used [0x00000000e4500000,0x00000000e487c010,0x00000000e4880000)
  to   space 7168K, 0% used [0x00000000e7c00000,0x00000000e7c00000,0x00000000e8300000)
 ParOldGen       total 64512K, used 8145K [0x00000000a3e00000, 0x00000000a7d00000, 0x00000000e1500000)
  object space 64512K, 12% used [0x00000000a3e00000,0x00000000a45f4740,0x00000000a7d00000)
 Metaspace       used 19155K, capacity 19576K, committed 19712K, reserved 1067008K
  class space    used 2323K, capacity 2494K, committed 2560K, reserved 1048576K
Event: 2.649 GC heap after
Heap after GC invocations=6 (full 0):
 PSYoungGen      total 104448K, used 7152K [0x00000000e1500000, 0x00000000e8500000, 0x0000000100000000)
  eden space 97280K, 0% used [0x00000000e1500000,0x00000000e1500000,0x00000000e7400000)
  from space 7168K, 99% used [0x00000000e7c00000,0x00000000e82fc120,0x00000000e8300000)
  to   space 8192K, 0% used [0x00000000e7400000,0x00000000e7400000,0x00000000e7c00000)
 ParOldGen       total 64512K, used 8742K [0x00000000a3e00000, 0x00000000a7d00000, 0x00000000e1500000)
  object space 64512K, 13% used [0x00000000a3e00000,0x00000000a4689900,0x00000000a7d00000)
 Metaspace       used 19155K, capacity 19576K, committed 19712K, reserved 1067008K
  class space    used 2323K, capacity 2494K, committed 2560K, reserved 1048576K
}
Event: 3.023 GC heap before
{Heap before GC invocations=7 (full 0):
 PSYoungGen      total 104448K, used 43321K [0x00000000e1500000, 0x00000000e8500000, 0x0000000100000000)
  eden space 97280K, 37% used [0x00000000e1500000,0x00000000e3852488,0x00000000e7400000)
  from space 7168K, 99% used [0x00000000e7c00000,0x00000000e82fc120,0x00000000e8300000)
  to   space 8192K, 0% used [0x00000000e7400000,0x00000000e7400000,0x00000000e7c00000)
 ParOldGen       total 64512K, used 8742K [0x00000000a3e00000, 0x00000000a7d00000, 0x00000000e1500000)
  object space 64512K, 13% used [0x00000000a3e00000,0x00000000a4689900,0x00000000a7d00000)
 Metaspace       used 20689K, capacity 21168K, committed 21296K, reserved 1069056K
  class space    used 2483K, capacity 2657K, committed 2688K, reserved 1048576K

